\BOOKMARK [1][-]{section.1}{\376\377\000G\000i\000r\000i\001\137}{}% 1
\BOOKMARK [1][-]{section.2}{\376\377\001\060\000l\000g\000i\000l\000i\000\040\000\307\000a\000l\001\061\001\137\000m\000a\000l\000a\000r\001\061\000n\000\040\000K\001\061\000s\000a\000\040\000\326\000z\000e\000t\000i}{}% 2
\BOOKMARK [1][-]{section.3}{\376\377\000Y\000\366\000n\000t\000e\000m}{}% 3
\BOOKMARK [2][-]{subsection.3.1}{\376\377\000S\000i\000s\000t\000e\000m\000\040\000M\000i\000m\000a\000r\000i\000s\000i\000\040\000v\000e\000\040\000Y\000a\000z\001\061\000l\001\061\000m\000\040\000T\000a\000s\000a\000r\001\061\000m\001\061}{section.3}% 4
\BOOKMARK [2][-]{subsection.3.2}{\376\377\000G\000i\000r\000d\000i\000\040\000i\000y\000i\000l\000e\001\137\000t\000i\000r\000m\000e}{section.3}% 5
\BOOKMARK [2][-]{subsection.3.3}{\376\377\000T\000e\000k\000\040\000g\000\366\000r\000\374\000n\000t\000\374\000\040\000d\000e\000r\000i\000n\000l\000i\000k\000\040\000k\000e\000s\000t\000i\000r\000i\000m\000i}{section.3}% 6
\BOOKMARK [2][-]{subsection.3.4}{\376\377\000\307\000o\000k\000-\000b\000i\000l\000e\001\137\000e\000n\000l\000i\000\040\000a\000n\000o\000m\000a\000l\000i\000\040\000f\000\374\000z\000y\000o\000n\000u}{section.3}% 7
\BOOKMARK [2][-]{subsection.3.5}{\376\377\000Y\000e\000r\000e\000l\000l\000e\001\137\000t\000i\000r\000m\000e\000\040\000v\000e\000\040\000k\000u\000t\000u\000\040\000b\000i\000r\000l\000e\001\137\000t\000i\000r\000m\000e}{section.3}% 8
\BOOKMARK [2][-]{subsection.3.6}{\376\377\000M\000e\000r\000a\000k\000\040\000s\000k\000o\000r\000u}{section.3}% 9
\BOOKMARK [2][-]{subsection.3.7}{\376\377\000A\000\347\001\061\000k\000l\000a\000n\000a\000b\000i\000l\000i\000r\000l\000i\000k\000\040\000v\000e\000\040\000b\000e\000l\000i\000r\000s\000i\000z\000l\000i\000k}{section.3}% 10
\BOOKMARK [1][-]{section.4}{\376\377\000D\000e\000n\000e\000y\000\040\000D\000\374\000z\000e\000n\000e\001\037\000i\000\040\000v\000e\000\040\000U\000y\000g\000u\000l\000a\000m\000a\000\040\000D\000e\000t\000a\000y\000l\000a\000r\001\061}{}% 11
\BOOKMARK [2][-]{subsection.4.1}{\376\377\000V\000e\000r\000i\000\040\000S\000e\000t\000i\000\040\000v\000e\000\040\000\326\000n\000\040\001\060\001\137\000l\000e\000m\000e}{section.4}% 12
\BOOKMARK [2][-]{subsection.4.2}{\376\377\000Y\000a\000z\001\061\000l\001\061\000m\000\040\000U\000y\000g\000u\000l\000a\000m\000a\000s\001\061\000\040\000v\000e\000\040\000S\000i\000s\000t\000e\000m\000\040\000M\000i\000m\000a\000r\000i\000s\000i}{section.4}% 13
\BOOKMARK [2][-]{subsection.4.3}{\376\377\000P\000e\000r\000f\000o\000r\000m\000a\000n\000s\000\040\000M\000e\000t\000r\000i\000k\000l\000e\000r\000i\000\040\000v\000e\000\040\000D\000e\001\037\000e\000r\000l\000e\000n\000d\000i\000r\000m\000e\000\040\000K\000r\000i\000t\000e\000r\000l\000e\000r\000i}{section.4}% 14
\BOOKMARK [3][-]{subsubsection.4.3.1}{\376\377\000A\000n\000o\000m\000a\000l\000i\000\040\000T\000e\000s\000p\000i\000t\000\040\000M\000e\000t\000r\000i\000k\000l\000e\000r\000i}{subsection.4.3}% 15
\BOOKMARK [3][-]{subsubsection.4.3.2}{\376\377\000D\000e\000r\000i\000n\000l\000i\000k\000\040\000K\000e\000s\000t\000i\000r\000i\000m\000i\000\040\000M\000e\000t\000r\000i\000k\000l\000e\000r\000i}{subsection.4.3}% 16
\BOOKMARK [3][-]{subsubsection.4.3.3}{\376\377\000C\000u\000r\000i\000o\000s\000i\000t\000y\000\040\000S\001\061\000r\000a\000l\000a\000m\000a\000\040\000M\000e\000t\000r\000i\000k\000l\000e\000r\000i}{subsection.4.3}% 17
\BOOKMARK [3][-]{subsubsection.4.3.4}{\376\377\000M\000a\000t\000e\000m\000a\000t\000i\000k\000s\000e\000l\000\040\000F\000o\000r\000m\000\374\000l\000\040\000D\000e\000t\000a\000y\000l\000a\000r\001\061}{subsection.4.3}% 18
\BOOKMARK [2][-]{subsection.4.4}{\376\377\000B\000e\000n\000c\000h\000m\000a\000r\000k\000\040\000P\000r\000o\000t\000o\000k\000o\000l\000\374\000\040\000v\000e\000\040\000K\000a\000r\001\137\001\061\000l\000a\001\137\000t\001\061\000r\000m\000a}{section.4}% 19
\BOOKMARK [2][-]{subsection.4.5}{\376\377\000O\000p\000t\000i\000m\000i\000z\000a\000s\000y\000o\000n\000\040\000v\000e\000\040\000H\000i\000p\000e\000r\000p\000a\000r\000a\000m\000e\000t\000r\000e\000\040\000A\000y\000a\000r\001\061}{section.4}% 20
\BOOKMARK [1][-]{section.5}{\376\377\000A\000b\000l\000a\000s\000y\000o\000n\000\040\000v\000e\000\040\000D\000u\000y\000a\000r\000l\001\061\000l\001\061\000k\000\040\000A\000n\000a\000l\000i\000z\000i}{}% 21
\BOOKMARK [1][-]{section.6}{\376\377\000D\000e\000n\000e\000y\000s\000e\000l\000\040\000S\000o\000n\000u\000\347\000l\000a\000r\000\040\000v\000e\000\040\000P\000e\000r\000f\000o\000r\000m\000a\000n\000s\000\040\000A\000n\000a\000l\000i\000z\000i}{}% 22
\BOOKMARK [2][-]{subsection.6.1}{\376\377\000G\000e\000n\000e\000l\000\040\000P\000e\000r\000f\000o\000r\000m\000a\000n\000s\000\040\000S\000o\000n\000u\000\347\000l\000a\000r\001\061}{section.6}% 23
\BOOKMARK [2][-]{subsection.6.2}{\376\377\000B\000i\000l\000e\001\137\000e\000n\000\040\000K\000a\000t\000k\001\061\000\040\000A\000n\000a\000l\000i\000z\000i}{section.6}% 24
\BOOKMARK [2][-]{subsection.6.3}{\376\377\000S\000a\000h\000a\000\040\000K\000o\001\137\000u\000l\000l\000a\000r\001\061\000n\000a\000\040\000G\000\366\000r\000e\000\040\000P\000e\000r\000f\000o\000r\000m\000a\000n\000s}{section.6}% 25
\BOOKMARK [2][-]{subsection.6.4}{\376\377\000D\000o\000n\000a\000n\001\061\000m\000\040\000P\000e\000r\000f\000o\000r\000m\000a\000n\000s\000\040\000P\000r\000o\000f\000i\000l\000i}{section.6}% 26
\BOOKMARK [1][-]{section.7}{\376\377\000S\001\061\000n\001\061\000r\000l\000a\000m\000a\000l\000a\000r\000\040\000v\000e\000\040\000G\000e\000l\000e\000c\000e\000k\000\040\000\307\000a\000l\001\061\001\137\000m\000a}{}% 27
\BOOKMARK [1][-]{section.8}{\376\377\000G\000\374\000v\000e\000n\000l\000i\000k\000,\000\040\000G\000\374\000v\000e\000n\000i\000l\000i\000r\000l\000i\000k\000\040\000v\000e\000\040\000O\000p\000e\000r\000a\000s\000y\000o\000n\000e\000l\000\040\000U\000y\000g\000u\000n\000l\000u\000k}{}% 28
\BOOKMARK [2][-]{subsection.8.1}{\376\377\000G\000\374\000v\000e\000n\000l\000i\000k\000\040\000v\000e\000\040\000H\000a\000t\000a\000\040\000T\000o\000l\000e\000r\000a\000n\000s\001\061}{section.8}% 29
\BOOKMARK [2][-]{subsection.8.2}{\376\377\000G\000\374\000v\000e\000n\000i\000l\000i\000r\000l\000i\000k\000\040\000v\000e\000\040\000T\000e\000s\000t\000\040\000S\000t\000r\000a\000t\000e\000j\000i\000s\000i}{section.8}% 30
\BOOKMARK [2][-]{subsection.8.3}{\376\377\000O\000p\000e\000r\000a\000s\000y\000o\000n\000e\000l\000\040\000U\000y\000g\000u\000n\000l\000u\000k\000\040\000v\000e\000\040\000S\000a\000h\000a\000\040\000H\000a\000z\001\061\000r\000l\001\061\001\037\001\061}{section.8}% 31
\BOOKMARK [1][-]{section.9}{\376\377\000U\000y\000g\000u\000l\000a\000m\000a\000\040\000D\000e\000t\000a\000y\000l\000a\000r\001\061}{}% 32
\BOOKMARK [2][-]{subsection.9.1}{\376\377\000Y\000a\000z\001\061\000l\001\061\000m\000\040\000M\000i\000m\000a\000r\000i\000s\000i\000\040\000v\000e\000\040\000T\000e\000k\000n\000i\000k\000\040\000D\000e\000t\000a\000y\000l\000a\000r}{section.9}% 33
\BOOKMARK [2][-]{subsection.9.2}{\376\377\000P\000e\000r\000f\000o\000r\000m\000a\000n\000s\000\040\000O\000p\000t\000i\000m\000i\000z\000a\000s\000y\000o\000n\000u}{section.9}% 34
\BOOKMARK [2][-]{subsection.9.3}{\376\377\000K\000u\000l\000l\000a\000n\001\061\000c\001\061\000\040\000A\000r\000a\000y\000\374\000z\000\374\000\040\000v\000e\000\040\000D\000e\000n\000e\000y\000i\000m}{section.9}% 35
\BOOKMARK [2][-]{subsection.9.4}{\376\377\000D\000a\001\037\001\061\000t\001\061\000m\000\040\000v\000e\000\040\000K\000u\000r\000u\000l\000u\000m}{section.9}% 36
\BOOKMARK [2][-]{subsection.9.5}{\376\377\000T\000e\000k\000r\000a\000r\000l\000a\000n\000a\000b\000i\000l\000i\000r\000l\000i\000k\000\040\000v\000e\000\040\000A\000\347\001\061\000k\000\040\000K\000a\000y\000n\000a\000k}{section.9}% 37
\BOOKMARK [1][-]{section.10}{\376\377\000S\000o\000n\000u\000\347\000\040\000v\000e\000\040\000G\000e\000l\000e\000c\000e\000k\000\040\000P\000e\000r\000s\000p\000e\000k\000t\000i\000f\000l\000e\000r\000i}{}% 38
\BOOKMARK [2][-]{subsection.10.1}{\376\377\000A\000n\000a\000\040\000K\000a\000t\000k\001\061\000l\000a\000r\000\040\000v\000e\000\040\000B\000a\001\137\000a\000r\001\061\000l\000a\000r}{section.10}% 39
\BOOKMARK [2][-]{subsection.10.2}{\376\377\000B\000i\000l\000i\000m\000s\000e\000l\000\040\000v\000e\000\040\000T\000e\000k\000n\000o\000l\000o\000j\000i\000k\000\040\000E\000t\000k\000i}{section.10}% 40
\BOOKMARK [2][-]{subsection.10.3}{\376\377\000E\000n\000d\000\374\000s\000t\000r\000i\000y\000e\000l\000\040\000U\000y\000g\000u\000l\000a\000m\000a\000\040\000P\000o\000t\000a\000n\000s\000i\000y\000e\000l\000i}{section.10}% 41
\BOOKMARK [2][-]{subsection.10.4}{\376\377\000G\000e\000l\000e\000c\000e\000k\000\040\000\307\000a\000l\001\061\001\137\000m\000a\000\040\000Y\000\366\000n\000l\000e\000r\000i}{section.10}% 42
\BOOKMARK [2][-]{subsection.10.5}{\376\377\000F\000i\000n\000a\000l\000\040\000D\000e\001\037\000e\000r\000l\000e\000n\000d\000i\000r\000m\000e}{section.10}% 43
\BOOKMARK [1][-]{section.11}{\376\377\000R\000e\000f\000e\000r\000a\000n\000s\000l\000a\000r}{}% 44
